Started GET "/" for ::1 at 2021-04-08 13:16:57 -0400
  [1m[35m (4.9ms)[0m  [1m[34mSELECT "schema_migrations"."version" FROM "schema_migrations" ORDER BY "schema_migrations"."version" ASC[0m
  ↳ /home/anug/.rbenv/versions/2.5.1/lib/ruby/gems/2.5.0/gems/activerecord-5.2.5/lib/active_record/log_subscriber.rb:98
Processing by StaticPagesController#root as HTML
  Rendering static_pages/root.html.erb within layouts/application
  Rendered static_pages/root.html.erb within layouts/application (17.7ms)
Started GET "/" for ::1 at 2021-04-08 13:17:01 -0400
Processing by StaticPagesController#root as HTML
  Rendering static_pages/root.html.erb within layouts/application
  Rendered static_pages/root.html.erb within layouts/application (1.2ms)
Completed 200 OK in 4408ms (Views: 4402.7ms | ActiveRecord: 0.0ms)


Completed 200 OK in 1559ms (Views: 1555.0ms | ActiveRecord: 0.0ms)


Started POST "/api/session" for ::1 at 2021-04-08 13:17:11 -0400
Started POST "/api/session" for ::1 at 2021-04-08 13:17:11 -0400
Processing by Api::SessionsController#create as JSON
Processing by Api::SessionsController#create as JSON
  Parameters: {"user"=>{"email"=>"", "password"=>"[FILTERED]", "bio"=>"", "location"=>"", "job_title"=>"", "full_name"=>""}}
  Parameters: {"user"=>{"email"=>"user@demo.com", "password"=>"[FILTERED]", "full_name"=>"Demo Person", "bio"=>"A am trained in the modern art of demoing web applications. Feel free to contact me for any demo needs.", "location"=>"Demo Land", "job_title"=>"Professonal Demo Artiest"}}
  [1m[36mUser Load (12.1ms)[0m  [1m[34mSELECT  "users".* FROM "users" WHERE "users"."email" = $1 LIMIT $2[0m  [["email", ""], ["LIMIT", 1]]
  [1m[36mUser Load (14.0ms)[0m  [1m[34mSELECT  "users".* FROM "users" WHERE "users"."email" = $1 LIMIT $2[0m  [["email", "user@demo.com"], ["LIMIT", 1]]
  ↳ app/models/user.rb:9
  ↳ app/models/user.rb:9
Completed 401 Unauthorized in 46ms (Views: 0.4ms | ActiveRecord: 16.4ms)


  [1m[36mUser Load (0.4ms)[0m  [1m[34mSELECT  "users".* FROM "users" WHERE "users"."session_token" = $1 LIMIT $2[0m  [["session_token", "PUMTxyB4u7Lm6CTwK9Vh3Q"], ["LIMIT", 1]]
  ↳ app/models/user.rb:41
  [1m[35m (0.4ms)[0m  [1m[35mBEGIN[0m
  ↳ app/models/user.rb:25
  [1m[36mUser Exists (1.2ms)[0m  [1m[34mSELECT  1 AS one FROM "users" WHERE "users"."email" = $1 AND "users"."id" != $2 LIMIT $3[0m  [["email", "user@demo.com"], ["id", 1], ["LIMIT", 1]]
  ↳ app/models/user.rb:25
  [1m[36mUser Update (4.0ms)[0m  [1m[33mUPDATE "users" SET "session_token" = $1, "updated_at" = $2 WHERE "users"."id" = $3[0m  [["session_token", "PUMTxyB4u7Lm6CTwK9Vh3Q"], ["updated_at", "2021-04-08 17:17:12.231250"], ["id", 1]]
  ↳ app/models/user.rb:25
  [1m[35m (6.9ms)[0m  [1m[35mCOMMIT[0m
  ↳ app/models/user.rb:25
  Rendering api/users/show.json.jbuilder
  Rendered api/users/_user.json.jbuilder (0.6ms)
  Rendered api/users/show.json.jbuilder (4.4ms)
Completed 200 OK in 431ms (Views: 25.4ms | ActiveRecord: 55.4ms)


Started DELETE "/api/session" for ::1 at 2021-04-08 13:17:15 -0400
Processing by Api::SessionsController#destroy as JSON
  [1m[36mUser Load (0.4ms)[0m  [1m[34mSELECT  "users".* FROM "users" WHERE "users"."session_token" = $1 LIMIT $2[0m  [["session_token", "PUMTxyB4u7Lm6CTwK9Vh3Q"], ["LIMIT", 1]]
  ↳ app/controllers/application_controller.rb:10
  [1m[36mUser Load (0.5ms)[0m  [1m[34mSELECT  "users".* FROM "users" WHERE "users"."session_token" = $1 LIMIT $2[0m  [["session_token", "fKi5q0oLshkq74WvuKeKDA"], ["LIMIT", 1]]
  ↳ app/models/user.rb:41
  [1m[35m (0.2ms)[0m  [1m[35mBEGIN[0m
  ↳ app/models/user.rb:25
  [1m[36mUser Exists (0.6ms)[0m  [1m[34mSELECT  1 AS one FROM "users" WHERE "users"."email" = $1 AND "users"."id" != $2 LIMIT $3[0m  [["email", "user@demo.com"], ["id", 1], ["LIMIT", 1]]
  ↳ app/models/user.rb:25
  [1m[36mUser Update (3.5ms)[0m  [1m[33mUPDATE "users" SET "session_token" = $1, "updated_at" = $2 WHERE "users"."id" = $3[0m  [["session_token", "fKi5q0oLshkq74WvuKeKDA"], ["updated_at", "2021-04-08 17:17:15.646558"], ["id", 1]]
  ↳ app/models/user.rb:25
  [1m[35m (0.7ms)[0m  [1m[35mCOMMIT[0m
  ↳ app/models/user.rb:25
  Rendering api/users/show.json.jbuilder
  Rendered api/users/_user.json.jbuilder (1.4ms)
  Rendered api/users/show.json.jbuilder (8.1ms)
Completed 200 OK in 47ms (Views: 19.9ms | ActiveRecord: 5.9ms)


Started GET "/" for ::1 at 2021-04-08 14:47:29 -0400
  [1m[35m (5.1ms)[0m  [1m[34mSELECT "schema_migrations"."version" FROM "schema_migrations" ORDER BY "schema_migrations"."version" ASC[0m
  ↳ /home/anug/.rbenv/versions/2.5.1/lib/ruby/gems/2.5.0/gems/activerecord-5.2.5/lib/active_record/log_subscriber.rb:98
Processing by StaticPagesController#root as HTML
  Rendering static_pages/root.html.erb within layouts/application
  Rendered static_pages/root.html.erb within layouts/application (13.4ms)
Completed 200 OK in 2727ms (Views: 2722.9ms | ActiveRecord: 0.0ms)


Started GET "/" for ::1 at 2021-04-08 14:48:30 -0400
Processing by StaticPagesController#root as HTML
  Rendering static_pages/root.html.erb within layouts/application
  Rendered static_pages/root.html.erb within layouts/application (1.8ms)
Completed 200 OK in 855ms (Views: 849.7ms | ActiveRecord: 0.0ms)


Started GET "/" for ::1 at 2021-04-08 14:51:35 -0400
Processing by StaticPagesController#root as HTML
  Rendering static_pages/root.html.erb within layouts/application
  Rendered static_pages/root.html.erb within layouts/application (1.9ms)
Completed 200 OK in 668ms (Views: 665.4ms | ActiveRecord: 0.0ms)


Started GET "/" for ::1 at 2021-04-08 14:53:50 -0400
Processing by StaticPagesController#root as HTML
  Rendering static_pages/root.html.erb within layouts/application
  Rendered static_pages/root.html.erb within layouts/application (0.9ms)
Completed 200 OK in 802ms (Views: 798.1ms | ActiveRecord: 0.0ms)


Started GET "/" for ::1 at 2021-04-08 14:54:55 -0400
Processing by StaticPagesController#root as HTML
  Rendering static_pages/root.html.erb within layouts/application
  Rendered static_pages/root.html.erb within layouts/application (1.6ms)
Completed 200 OK in 166ms (Views: 162.8ms | ActiveRecord: 0.0ms)


Started GET "/" for ::1 at 2021-04-08 14:55:11 -0400
Processing by StaticPagesController#root as HTML
  Rendering static_pages/root.html.erb within layouts/application
  Rendered static_pages/root.html.erb within layouts/application (1.9ms)
Completed 200 OK in 196ms (Views: 191.4ms | ActiveRecord: 0.0ms)


Started GET "/" for ::1 at 2021-04-08 14:55:30 -0400
Processing by StaticPagesController#root as HTML
  Rendering static_pages/root.html.erb within layouts/application
  Rendered static_pages/root.html.erb within layouts/application (1.4ms)
Completed 200 OK in 170ms (Views: 166.0ms | ActiveRecord: 0.0ms)


Started GET "/" for ::1 at 2021-04-08 14:55:33 -0400
Processing by StaticPagesController#root as HTML
  Rendering static_pages/root.html.erb within layouts/application
  Rendered static_pages/root.html.erb within layouts/application (1.2ms)
Completed 200 OK in 85ms (Views: 77.0ms | ActiveRecord: 0.0ms)


Started GET "/" for ::1 at 2021-04-08 14:55:47 -0400
Processing by StaticPagesController#root as HTML
  Rendering static_pages/root.html.erb within layouts/application
  Rendered static_pages/root.html.erb within layouts/application (1.4ms)
Completed 200 OK in 241ms (Views: 230.9ms | ActiveRecord: 0.0ms)


Started GET "/" for ::1 at 2021-04-08 14:56:51 -0400
Processing by StaticPagesController#root as HTML
  Rendering static_pages/root.html.erb within layouts/application
  Rendered static_pages/root.html.erb within layouts/application (1.0ms)
Completed 200 OK in 119ms (Views: 115.8ms | ActiveRecord: 0.0ms)


Started GET "/" for ::1 at 2021-04-08 14:59:43 -0400
Processing by StaticPagesController#root as HTML
  Rendering static_pages/root.html.erb within layouts/application
  Rendered static_pages/root.html.erb within layouts/application (1.1ms)
Completed 200 OK in 753ms (Views: 749.0ms | ActiveRecord: 0.0ms)


Started GET "/" for ::1 at 2021-04-08 14:59:47 -0400
Processing by StaticPagesController#root as HTML
  Rendering static_pages/root.html.erb within layouts/application
  Rendered static_pages/root.html.erb within layouts/application (3.1ms)
Completed 200 OK in 93ms (Views: 88.0ms | ActiveRecord: 0.0ms)


Started GET "/" for ::1 at 2021-04-08 15:22:50 -0400
Processing by StaticPagesController#root as HTML
  Rendering static_pages/root.html.erb within layouts/application
  Rendered static_pages/root.html.erb within layouts/application (1.3ms)
Completed 200 OK in 750ms (Views: 746.0ms | ActiveRecord: 0.0ms)


Started GET "/" for ::1 at 2021-04-08 15:23:36 -0400
Processing by StaticPagesController#root as HTML
  Rendering static_pages/root.html.erb within layouts/application
  Rendered static_pages/root.html.erb within layouts/application (1.7ms)
Completed 200 OK in 227ms (Views: 223.9ms | ActiveRecord: 0.0ms)


Started GET "/" for ::1 at 2021-04-08 15:26:35 -0400
Processing by StaticPagesController#root as HTML
  Rendering static_pages/root.html.erb within layouts/application
  Rendered static_pages/root.html.erb within layouts/application (1.5ms)
Completed 200 OK in 858ms (Views: 840.7ms | ActiveRecord: 0.0ms)


Started GET "/" for ::1 at 2021-04-08 15:28:47 -0400
Processing by StaticPagesController#root as HTML
  Rendering static_pages/root.html.erb within layouts/application
  Rendered static_pages/root.html.erb within layouts/application (2.8ms)
Completed 200 OK in 818ms (Views: 814.1ms | ActiveRecord: 0.0ms)


Started GET "/" for ::1 at 2021-04-08 15:30:58 -0400
Processing by StaticPagesController#root as HTML
  Rendering static_pages/root.html.erb within layouts/application
  Rendered static_pages/root.html.erb within layouts/application (1.3ms)
Completed 200 OK in 928ms (Views: 915.8ms | ActiveRecord: 0.0ms)


Started GET "/" for ::1 at 2021-04-08 15:31:25 -0400
Processing by StaticPagesController#root as HTML
  Rendering static_pages/root.html.erb within layouts/application
  Rendered static_pages/root.html.erb within layouts/application (1.9ms)
Completed 200 OK in 227ms (Views: 213.4ms | ActiveRecord: 0.0ms)


Started GET "/" for ::1 at 2021-04-08 15:32:08 -0400
Processing by StaticPagesController#root as HTML
  Rendering static_pages/root.html.erb within layouts/application
  Rendered static_pages/root.html.erb within layouts/application (1.9ms)
Completed 200 OK in 145ms (Views: 142.5ms | ActiveRecord: 0.0ms)


Started GET "/" for ::1 at 2021-04-08 15:35:53 -0400
Processing by StaticPagesController#root as HTML
  Rendering static_pages/root.html.erb within layouts/application
  Rendered static_pages/root.html.erb within layouts/application (10.9ms)
Completed 200 OK in 229ms (Views: 216.0ms | ActiveRecord: 0.0ms)


Started GET "/" for ::1 at 2021-04-08 16:18:12 -0400
Processing by StaticPagesController#root as HTML
  Rendering static_pages/root.html.erb within layouts/application
  Rendered static_pages/root.html.erb within layouts/application (1.6ms)
Completed 200 OK in 108ms (Views: 105.0ms | ActiveRecord: 0.0ms)


Started GET "/" for ::1 at 2021-04-08 16:22:21 -0400
Processing by StaticPagesController#root as HTML
  Rendering static_pages/root.html.erb within layouts/application
  Rendered static_pages/root.html.erb within layouts/application (1.7ms)
Completed 200 OK in 79ms (Views: 71.4ms | ActiveRecord: 0.0ms)


Started GET "/" for ::1 at 2021-04-08 16:23:03 -0400
Processing by StaticPagesController#root as HTML
  Rendering static_pages/root.html.erb within layouts/application
  Rendered static_pages/root.html.erb within layouts/application (1.0ms)
Completed 200 OK in 118ms (Views: 113.9ms | ActiveRecord: 0.0ms)


Started GET "/" for ::1 at 2021-04-08 16:23:16 -0400
Processing by StaticPagesController#root as HTML
  Rendering static_pages/root.html.erb within layouts/application
  Rendered static_pages/root.html.erb within layouts/application (2.7ms)
Completed 200 OK in 147ms (Views: 137.5ms | ActiveRecord: 0.0ms)


Started GET "/" for ::1 at 2021-04-08 16:24:00 -0400
Processing by StaticPagesController#root as HTML
  Rendering static_pages/root.html.erb within layouts/application
  Rendered static_pages/root.html.erb within layouts/application (1.2ms)
Completed 200 OK in 120ms (Views: 117.2ms | ActiveRecord: 0.0ms)


Started GET "/" for ::1 at 2021-04-08 16:24:43 -0400
Processing by StaticPagesController#root as HTML
  Rendering static_pages/root.html.erb within layouts/application
  Rendered static_pages/root.html.erb within layouts/application (1.3ms)
Completed 200 OK in 145ms (Views: 128.1ms | ActiveRecord: 0.0ms)


Started GET "/" for ::1 at 2021-04-08 16:25:03 -0400
Processing by StaticPagesController#root as HTML
  Rendering static_pages/root.html.erb within layouts/application
  Rendered static_pages/root.html.erb within layouts/application (2.0ms)
Completed 200 OK in 121ms (Views: 118.2ms | ActiveRecord: 0.0ms)


Started GET "/" for ::1 at 2021-04-08 16:25:30 -0400
Processing by StaticPagesController#root as HTML
  Rendering static_pages/root.html.erb within layouts/application
  Rendered static_pages/root.html.erb within layouts/application (1.3ms)
Completed 200 OK in 141ms (Views: 137.6ms | ActiveRecord: 0.0ms)


Started GET "/" for ::1 at 2021-04-08 16:25:44 -0400
Processing by StaticPagesController#root as HTML
  Rendering static_pages/root.html.erb within layouts/application
  Rendered static_pages/root.html.erb within layouts/application (1.1ms)
Completed 200 OK in 129ms (Views: 125.4ms | ActiveRecord: 0.0ms)


Started GET "/" for ::1 at 2021-04-08 16:25:58 -0400
Processing by StaticPagesController#root as HTML
  Rendering static_pages/root.html.erb within layouts/application
  Rendered static_pages/root.html.erb within layouts/application (1.1ms)
Completed 200 OK in 135ms (Views: 127.3ms | ActiveRecord: 0.0ms)


Started GET "/" for ::1 at 2021-04-08 16:26:09 -0400
Processing by StaticPagesController#root as HTML
  Rendering static_pages/root.html.erb within layouts/application
  Rendered static_pages/root.html.erb within layouts/application (1.1ms)
Completed 200 OK in 154ms (Views: 144.2ms | ActiveRecord: 0.0ms)


Started GET "/" for ::1 at 2021-04-08 17:02:12 -0400
Processing by StaticPagesController#root as HTML
  Rendering static_pages/root.html.erb within layouts/application
  Rendered static_pages/root.html.erb within layouts/application (1.1ms)
Completed 200 OK in 71ms (Views: 68.6ms | ActiveRecord: 0.0ms)


Started GET "/" for ::1 at 2021-04-08 17:02:27 -0400
Processing by StaticPagesController#root as HTML
  Rendering static_pages/root.html.erb within layouts/application
  Rendered static_pages/root.html.erb within layouts/application (0.8ms)
Completed 200 OK in 149ms (Views: 136.4ms | ActiveRecord: 0.0ms)


Started GET "/" for ::1 at 2021-04-08 17:11:48 -0400
Processing by StaticPagesController#root as HTML
  Rendering static_pages/root.html.erb within layouts/application
  Rendered static_pages/root.html.erb within layouts/application (2.0ms)
Completed 200 OK in 2500ms (Views: 2491.6ms | ActiveRecord: 0.0ms)


Started GET "/" for ::1 at 2021-04-08 17:12:32 -0400
Processing by StaticPagesController#root as HTML
  Rendering static_pages/root.html.erb within layouts/application
  Rendered static_pages/root.html.erb within layouts/application (1.5ms)
Completed 200 OK in 284ms (Views: 271.7ms | ActiveRecord: 0.0ms)


Started GET "/" for ::1 at 2021-04-08 17:13:14 -0400
Processing by StaticPagesController#root as HTML
  Rendering static_pages/root.html.erb within layouts/application
  Rendered static_pages/root.html.erb within layouts/application (3.4ms)
Completed 200 OK in 263ms (Views: 247.6ms | ActiveRecord: 0.0ms)


Started GET "/" for ::1 at 2021-04-08 17:13:28 -0400
Processing by StaticPagesController#root as HTML
  Rendering static_pages/root.html.erb within layouts/application
  Rendered static_pages/root.html.erb within layouts/application (4.9ms)
Completed 200 OK in 373ms (Views: 343.3ms | ActiveRecord: 0.0ms)


Started GET "/" for ::1 at 2021-04-08 17:14:04 -0400
Processing by StaticPagesController#root as HTML
  Rendering static_pages/root.html.erb within layouts/application
  Rendered static_pages/root.html.erb within layouts/application (30.0ms)
Completed 200 OK in 556ms (Views: 552.5ms | ActiveRecord: 0.0ms)


Started GET "/" for ::1 at 2021-04-08 17:24:08 -0400
Processing by StaticPagesController#root as HTML
  Rendering static_pages/root.html.erb within layouts/application
  Rendered static_pages/root.html.erb within layouts/application (1.8ms)
Completed 200 OK in 243ms (Views: 238.3ms | ActiveRecord: 0.0ms)


Started GET "/" for ::1 at 2021-04-08 17:24:26 -0400
Processing by StaticPagesController#root as HTML
  Rendering static_pages/root.html.erb within layouts/application
  Rendered static_pages/root.html.erb within layouts/application (1.4ms)
Completed 200 OK in 263ms (Views: 253.2ms | ActiveRecord: 0.0ms)


Started GET "/" for ::1 at 2021-04-08 17:28:54 -0400
Processing by StaticPagesController#root as HTML
  Rendering static_pages/root.html.erb within layouts/application
  Rendered static_pages/root.html.erb within layouts/application (1.0ms)
Completed 200 OK in 273ms (Views: 268.7ms | ActiveRecord: 0.0ms)


Started GET "/" for ::1 at 2021-04-08 17:29:10 -0400
Processing by StaticPagesController#root as HTML
  Rendering static_pages/root.html.erb within layouts/application
  Rendered static_pages/root.html.erb within layouts/application (1.6ms)
Completed 200 OK in 271ms (Views: 265.3ms | ActiveRecord: 0.0ms)


Started GET "/" for ::1 at 2021-04-08 17:29:20 -0400
Processing by StaticPagesController#root as HTML
  Rendering static_pages/root.html.erb within layouts/application
  Rendered static_pages/root.html.erb within layouts/application (4.0ms)
Completed 200 OK in 264ms (Views: 243.2ms | ActiveRecord: 0.0ms)


Started GET "/" for ::1 at 2021-04-08 17:29:32 -0400
Processing by StaticPagesController#root as HTML
  Rendering static_pages/root.html.erb within layouts/application
  Rendered static_pages/root.html.erb within layouts/application (1.8ms)
Completed 200 OK in 262ms (Views: 251.7ms | ActiveRecord: 0.0ms)


Started GET "/" for ::1 at 2021-04-08 17:29:42 -0400
Processing by StaticPagesController#root as HTML
  Rendering static_pages/root.html.erb within layouts/application
  Rendered static_pages/root.html.erb within layouts/application (1.9ms)
Completed 200 OK in 315ms (Views: 285.6ms | ActiveRecord: 0.0ms)


Started GET "/" for ::1 at 2021-04-08 17:30:01 -0400
Processing by StaticPagesController#root as HTML
  Rendering static_pages/root.html.erb within layouts/application
  Rendered static_pages/root.html.erb within layouts/application (1.6ms)
Completed 200 OK in 293ms (Views: 284.4ms | ActiveRecord: 0.0ms)


Started GET "/" for ::1 at 2021-04-08 17:31:23 -0400
Processing by StaticPagesController#root as HTML
  Rendering static_pages/root.html.erb within layouts/application
  Rendered static_pages/root.html.erb within layouts/application (2.9ms)
Completed 200 OK in 1585ms (Views: 1575.4ms | ActiveRecord: 0.0ms)


Started GET "/" for ::1 at 2021-04-08 17:31:35 -0400
Processing by StaticPagesController#root as HTML
  Rendering static_pages/root.html.erb within layouts/application
  Rendered static_pages/root.html.erb within layouts/application (2.7ms)
Completed 200 OK in 250ms (Views: 236.1ms | ActiveRecord: 0.0ms)


Started GET "/" for ::1 at 2021-04-08 17:36:21 -0400
Processing by StaticPagesController#root as HTML
  Rendering static_pages/root.html.erb within layouts/application
  Rendered static_pages/root.html.erb within layouts/application (1.9ms)
Completed 200 OK in 315ms (Views: 300.5ms | ActiveRecord: 0.0ms)


Started GET "/" for ::1 at 2021-04-08 17:37:03 -0400
Processing by StaticPagesController#root as HTML
  Rendering static_pages/root.html.erb within layouts/application
  Rendered static_pages/root.html.erb within layouts/application (2.0ms)
Completed 200 OK in 548ms (Views: 537.9ms | ActiveRecord: 0.0ms)


Started GET "/" for ::1 at 2021-04-08 17:37:16 -0400
Processing by StaticPagesController#root as HTML
  Rendering static_pages/root.html.erb within layouts/application
  Rendered static_pages/root.html.erb within layouts/application (1.4ms)
Completed 200 OK in 297ms (Views: 281.6ms | ActiveRecord: 0.0ms)


Started GET "/" for ::1 at 2021-04-08 17:37:26 -0400
Processing by StaticPagesController#root as HTML
  Rendering static_pages/root.html.erb within layouts/application
  Rendered static_pages/root.html.erb within layouts/application (7.1ms)
Completed 200 OK in 324ms (Views: 305.1ms | ActiveRecord: 0.0ms)


Started GET "/" for ::1 at 2021-04-08 17:37:34 -0400
Processing by StaticPagesController#root as HTML
  Rendering static_pages/root.html.erb within layouts/application
  Rendered static_pages/root.html.erb within layouts/application (2.1ms)
Completed 200 OK in 277ms (Views: 267.0ms | ActiveRecord: 0.0ms)


Started GET "/" for ::1 at 2021-04-08 17:37:40 -0400
Processing by StaticPagesController#root as HTML
  Rendering static_pages/root.html.erb within layouts/application
  Rendered static_pages/root.html.erb within layouts/application (5.4ms)
Completed 200 OK in 298ms (Views: 290.2ms | ActiveRecord: 0.0ms)


Started POST "/api/session" for ::1 at 2021-04-08 17:38:37 -0400
Started POST "/api/session" for ::1 at 2021-04-08 17:38:37 -0400
Processing by Api::SessionsController#create as JSON
  Parameters: {"user"=>{"email"=>"user@demo.com", "password"=>"[FILTERED]"}}
Processing by Api::SessionsController#create as JSON
  Parameters: {"user"=>{"email"=>"", "password"=>"[FILTERED]", "bio"=>"", "location"=>"", "job_title"=>"", "full_name"=>""}}
  [1m[36mUser Load (16.6ms)[0m  [1m[34mSELECT  "users".* FROM "users" WHERE "users"."email" = $1 LIMIT $2[0m  [["email", ""], ["LIMIT", 1]]
  [1m[36mUser Load (22.0ms)[0m  [1m[34mSELECT  "users".* FROM "users" WHERE "users"."email" = $1 LIMIT $2[0m  [["email", "user@demo.com"], ["LIMIT", 1]]
  ↳ app/models/user.rb:9
  ↳ app/models/user.rb:9
Completed 401 Unauthorized in 163ms (Views: 0.8ms | ActiveRecord: 18.0ms)


  [1m[36mUser Load (0.7ms)[0m  [1m[34mSELECT  "users".* FROM "users" WHERE "users"."session_token" = $1 LIMIT $2[0m  [["session_token", "8FO2Cf8wrbleXICaf80sVg"], ["LIMIT", 1]]
  ↳ app/models/user.rb:41
  [1m[35m (1.2ms)[0m  [1m[35mBEGIN[0m
  ↳ app/models/user.rb:25
  [1m[36mUser Exists (1.3ms)[0m  [1m[34mSELECT  1 AS one FROM "users" WHERE "users"."email" = $1 AND "users"."id" != $2 LIMIT $3[0m  [["email", "user@demo.com"], ["id", 1], ["LIMIT", 1]]
  ↳ app/models/user.rb:25
  [1m[36mUser Update (10.5ms)[0m  [1m[33mUPDATE "users" SET "session_token" = $1, "updated_at" = $2 WHERE "users"."id" = $3[0m  [["session_token", "8FO2Cf8wrbleXICaf80sVg"], ["updated_at", "2021-04-08 21:38:38.279942"], ["id", 1]]
  ↳ app/models/user.rb:25
  [1m[35m (12.0ms)[0m  [1m[35mCOMMIT[0m
  ↳ app/models/user.rb:25
  Rendering api/users/show.json.jbuilder
  Rendered api/users/_user.json.jbuilder (1.2ms)
  Rendered api/users/show.json.jbuilder (7.5ms)
Completed 200 OK in 1027ms (Views: 23.1ms | ActiveRecord: 274.8ms)


Started GET "/" for ::1 at 2021-04-08 17:39:40 -0400
Processing by StaticPagesController#root as HTML
  Rendering static_pages/root.html.erb within layouts/application
  [1m[36mUser Load (1.1ms)[0m  [1m[34mSELECT  "users".* FROM "users" WHERE "users"."session_token" = $1 LIMIT $2[0m  [["session_token", "8FO2Cf8wrbleXICaf80sVg"], ["LIMIT", 1]]
  ↳ app/controllers/application_controller.rb:10
  Rendered api/users/_user.json.jbuilder (1.2ms)
  Rendered static_pages/root.html.erb within layouts/application (22.6ms)
Completed 200 OK in 278ms (Views: 259.7ms | ActiveRecord: 1.1ms)


Started GET "/" for ::1 at 2021-04-08 17:40:27 -0400
Processing by StaticPagesController#root as HTML
  Rendering static_pages/root.html.erb within layouts/application
  [1m[36mUser Load (0.8ms)[0m  [1m[34mSELECT  "users".* FROM "users" WHERE "users"."session_token" = $1 LIMIT $2[0m  [["session_token", "8FO2Cf8wrbleXICaf80sVg"], ["LIMIT", 1]]
  ↳ app/controllers/application_controller.rb:10
  Rendered api/users/_user.json.jbuilder (1.5ms)
  Rendered static_pages/root.html.erb within layouts/application (21.1ms)
Completed 200 OK in 336ms (Views: 322.6ms | ActiveRecord: 0.8ms)


Started GET "/" for ::1 at 2021-04-08 17:40:48 -0400
Processing by StaticPagesController#root as HTML
  Rendering static_pages/root.html.erb within layouts/application
  [1m[36mUser Load (1.3ms)[0m  [1m[34mSELECT  "users".* FROM "users" WHERE "users"."session_token" = $1 LIMIT $2[0m  [["session_token", "8FO2Cf8wrbleXICaf80sVg"], ["LIMIT", 1]]
  ↳ app/controllers/application_controller.rb:10
  Rendered api/users/_user.json.jbuilder (2.0ms)
  Rendered static_pages/root.html.erb within layouts/application (18.0ms)
Completed 200 OK in 284ms (Views: 275.2ms | ActiveRecord: 1.3ms)


Started DELETE "/api/session" for ::1 at 2021-04-08 17:40:52 -0400
Processing by Api::SessionsController#destroy as JSON
  [1m[36mUser Load (0.6ms)[0m  [1m[34mSELECT  "users".* FROM "users" WHERE "users"."session_token" = $1 LIMIT $2[0m  [["session_token", "8FO2Cf8wrbleXICaf80sVg"], ["LIMIT", 1]]
  ↳ app/controllers/application_controller.rb:10
  [1m[36mUser Load (0.6ms)[0m  [1m[34mSELECT  "users".* FROM "users" WHERE "users"."session_token" = $1 LIMIT $2[0m  [["session_token", "UzfkXbuCdC7goyI1avybHQ"], ["LIMIT", 1]]
  ↳ app/models/user.rb:41
  [1m[35m (0.3ms)[0m  [1m[35mBEGIN[0m
  ↳ app/models/user.rb:25
  [1m[36mUser Exists (0.6ms)[0m  [1m[34mSELECT  1 AS one FROM "users" WHERE "users"."email" = $1 AND "users"."id" != $2 LIMIT $3[0m  [["email", "user@demo.com"], ["id", 1], ["LIMIT", 1]]
  ↳ app/models/user.rb:25
  [1m[36mUser Update (0.9ms)[0m  [1m[33mUPDATE "users" SET "session_token" = $1, "updated_at" = $2 WHERE "users"."id" = $3[0m  [["session_token", "UzfkXbuCdC7goyI1avybHQ"], ["updated_at", "2021-04-08 21:40:52.435170"], ["id", 1]]
  ↳ app/models/user.rb:25
  [1m[35m (27.8ms)[0m  [1m[35mCOMMIT[0m
  ↳ app/models/user.rb:25
  Rendering api/users/show.json.jbuilder
  Rendered api/users/_user.json.jbuilder (1.7ms)
  Rendered api/users/show.json.jbuilder (17.1ms)
Completed 200 OK in 127ms (Views: 74.2ms | ActiveRecord: 30.7ms)


Started GET "/" for ::1 at 2021-04-08 17:44:52 -0400
Processing by StaticPagesController#root as HTML
  Rendering static_pages/root.html.erb within layouts/application
  Rendered static_pages/root.html.erb within layouts/application (1.3ms)
Completed 200 OK in 221ms (Views: 217.9ms | ActiveRecord: 0.0ms)


Started GET "/" for ::1 at 2021-04-08 17:46:10 -0400
Processing by StaticPagesController#root as HTML
  Rendering static_pages/root.html.erb within layouts/application
  Rendered static_pages/root.html.erb within layouts/application (1.6ms)
Completed 200 OK in 335ms (Views: 318.0ms | ActiveRecord: 0.0ms)


Started GET "/" for ::1 at 2021-04-08 17:47:45 -0400
Processing by StaticPagesController#root as HTML
  Rendering static_pages/root.html.erb within layouts/application
  Rendered static_pages/root.html.erb within layouts/application (1.7ms)
Completed 200 OK in 397ms (Views: 388.1ms | ActiveRecord: 0.0ms)


Started GET "/" for ::1 at 2021-04-08 17:48:26 -0400
Processing by StaticPagesController#root as HTML
  Rendering static_pages/root.html.erb within layouts/application
  Rendered static_pages/root.html.erb within layouts/application (2.0ms)
Completed 200 OK in 309ms (Views: 302.3ms | ActiveRecord: 0.0ms)


Started GET "/" for ::1 at 2021-04-08 17:49:42 -0400
Processing by StaticPagesController#root as HTML
  Rendering static_pages/root.html.erb within layouts/application
  Rendered static_pages/root.html.erb within layouts/application (2.2ms)
Completed 200 OK in 283ms (Views: 272.8ms | ActiveRecord: 0.0ms)


Started GET "/" for ::1 at 2021-04-08 17:49:57 -0400
Processing by StaticPagesController#root as HTML
  Rendering static_pages/root.html.erb within layouts/application
  Rendered static_pages/root.html.erb within layouts/application (1.3ms)
Completed 200 OK in 131ms (Views: 127.7ms | ActiveRecord: 0.0ms)


Started GET "/" for ::1 at 2021-04-08 17:51:28 -0400
Processing by StaticPagesController#root as HTML
  Rendering static_pages/root.html.erb within layouts/application
  Rendered static_pages/root.html.erb within layouts/application (1.3ms)
Completed 200 OK in 105ms (Views: 102.2ms | ActiveRecord: 0.0ms)


Started GET "/" for ::1 at 2021-04-08 17:52:36 -0400
Processing by StaticPagesController#root as HTML
  Rendering static_pages/root.html.erb within layouts/application
  Rendered static_pages/root.html.erb within layouts/application (2.5ms)
Completed 200 OK in 318ms (Views: 308.3ms | ActiveRecord: 0.0ms)


Started GET "/" for ::1 at 2021-04-08 17:52:48 -0400
Processing by StaticPagesController#root as HTML
  Rendering static_pages/root.html.erb within layouts/application
  Rendered static_pages/root.html.erb within layouts/application (3.9ms)
Completed 200 OK in 289ms (Views: 282.7ms | ActiveRecord: 0.0ms)


Started GET "/" for ::1 at 2021-04-08 17:53:02 -0400
Processing by StaticPagesController#root as HTML
  Rendering static_pages/root.html.erb within layouts/application
  Rendered static_pages/root.html.erb within layouts/application (1.7ms)
Completed 200 OK in 320ms (Views: 306.8ms | ActiveRecord: 0.0ms)


Started GET "/" for ::1 at 2021-04-08 17:53:14 -0400
Processing by StaticPagesController#root as HTML
  Rendering static_pages/root.html.erb within layouts/application
  Rendered static_pages/root.html.erb within layouts/application (1.4ms)
Completed 200 OK in 295ms (Views: 284.1ms | ActiveRecord: 0.0ms)


Started GET "/" for ::1 at 2021-04-08 17:55:34 -0400
Processing by StaticPagesController#root as HTML
  Rendering static_pages/root.html.erb within layouts/application
  Rendered static_pages/root.html.erb within layouts/application (1.2ms)
Completed 200 OK in 257ms (Views: 252.3ms | ActiveRecord: 0.0ms)


Started GET "/" for ::1 at 2021-04-08 17:55:59 -0400
Processing by StaticPagesController#root as HTML
  Rendering static_pages/root.html.erb within layouts/application
  Rendered static_pages/root.html.erb within layouts/application (2.4ms)
Completed 200 OK in 289ms (Views: 275.3ms | ActiveRecord: 0.0ms)


Started GET "/" for ::1 at 2021-04-08 17:56:07 -0400
Processing by StaticPagesController#root as HTML
  Rendering static_pages/root.html.erb within layouts/application
  Rendered static_pages/root.html.erb within layouts/application (3.5ms)
Completed 200 OK in 232ms (Views: 223.8ms | ActiveRecord: 0.0ms)


Started GET "/" for ::1 at 2021-04-08 17:57:11 -0400
Processing by StaticPagesController#root as HTML
  Rendering static_pages/root.html.erb within layouts/application
  Rendered static_pages/root.html.erb within layouts/application (1.5ms)
Completed 200 OK in 252ms (Views: 245.7ms | ActiveRecord: 0.0ms)


Started GET "/" for ::1 at 2021-04-08 17:57:16 -0400
Processing by StaticPagesController#root as HTML
  Rendering static_pages/root.html.erb within layouts/application
  Rendered static_pages/root.html.erb within layouts/application (3.6ms)
Completed 200 OK in 1444ms (Views: 1437.4ms | ActiveRecord: 0.0ms)


Started GET "/" for ::1 at 2021-04-08 18:01:25 -0400
Processing by StaticPagesController#root as HTML
  Rendering static_pages/root.html.erb within layouts/application
  Rendered static_pages/root.html.erb within layouts/application (2.9ms)
Completed 200 OK in 1437ms (Views: 1398.0ms | ActiveRecord: 0.0ms)


Started GET "/" for ::1 at 2021-04-08 18:29:46 -0400
  [1m[35m (6.2ms)[0m  [1m[34mSELECT "schema_migrations"."version" FROM "schema_migrations" ORDER BY "schema_migrations"."version" ASC[0m
  ↳ /home/anug/.rbenv/versions/2.5.1/lib/ruby/gems/2.5.0/gems/activerecord-5.2.5/lib/active_record/log_subscriber.rb:98
Processing by StaticPagesController#root as HTML
  Rendering static_pages/root.html.erb within layouts/application
  Rendered static_pages/root.html.erb within layouts/application (12.6ms)
Completed 200 OK in 3992ms (Views: 3988.4ms | ActiveRecord: 0.0ms)


Started GET "/" for ::1 at 2021-04-08 18:31:57 -0400
Processing by StaticPagesController#root as HTML
  Rendering static_pages/root.html.erb within layouts/application
  Rendered static_pages/root.html.erb within layouts/application (1.0ms)
Completed 200 OK in 653ms (Views: 650.3ms | ActiveRecord: 0.0ms)


Started GET "/" for ::1 at 2021-04-08 18:32:05 -0400
Processing by StaticPagesController#root as HTML
  Rendering static_pages/root.html.erb within layouts/application
  Rendered static_pages/root.html.erb within layouts/application (1.1ms)
Completed 200 OK in 76ms (Views: 72.9ms | ActiveRecord: 0.0ms)


Started GET "/" for ::1 at 2021-04-08 18:32:12 -0400
Processing by StaticPagesController#root as HTML
  Rendering static_pages/root.html.erb within layouts/application
  Rendered static_pages/root.html.erb within layouts/application (2.0ms)
Completed 200 OK in 116ms (Views: 108.9ms | ActiveRecord: 0.0ms)


Started GET "/" for ::1 at 2021-04-08 18:32:55 -0400
Processing by StaticPagesController#root as HTML
  Rendering static_pages/root.html.erb within layouts/application
  Rendered static_pages/root.html.erb within layouts/application (1.0ms)
Completed 200 OK in 715ms (Views: 712.2ms | ActiveRecord: 0.0ms)


Started GET "/" for ::1 at 2021-04-08 18:33:15 -0400
Processing by StaticPagesController#root as HTML
  Rendering static_pages/root.html.erb within layouts/application
  Rendered static_pages/root.html.erb within layouts/application (0.9ms)
Completed 200 OK in 171ms (Views: 166.4ms | ActiveRecord: 0.0ms)


Started GET "/" for ::1 at 2021-04-08 18:34:45 -0400
Processing by StaticPagesController#root as HTML
  Rendering static_pages/root.html.erb within layouts/application
  Rendered static_pages/root.html.erb within layouts/application (1.8ms)
Completed 200 OK in 777ms (Views: 773.1ms | ActiveRecord: 0.0ms)


Started GET "/" for ::1 at 2021-04-08 18:40:52 -0400
Processing by StaticPagesController#root as HTML
  Rendering static_pages/root.html.erb within layouts/application
  Rendered static_pages/root.html.erb within layouts/application (1.1ms)
Completed 200 OK in 589ms (Views: 585.6ms | ActiveRecord: 0.0ms)


Started GET "/" for ::1 at 2021-04-08 18:47:10 -0400
Processing by StaticPagesController#root as HTML
  Rendering static_pages/root.html.erb within layouts/application
  Rendered static_pages/root.html.erb within layouts/application (1.0ms)
Completed 200 OK in 72ms (Views: 67.7ms | ActiveRecord: 0.0ms)


Started GET "/" for ::1 at 2021-04-08 18:47:18 -0400
Processing by StaticPagesController#root as HTML
  Rendering static_pages/root.html.erb within layouts/application
  Rendered static_pages/root.html.erb within layouts/application (1.4ms)
Completed 200 OK in 77ms (Views: 73.6ms | ActiveRecord: 0.0ms)


Started GET "/" for ::1 at 2021-04-08 18:48:16 -0400
Processing by StaticPagesController#root as HTML
  Rendering static_pages/root.html.erb within layouts/application
  Rendered static_pages/root.html.erb within layouts/application (1.1ms)
Completed 200 OK in 71ms (Views: 68.0ms | ActiveRecord: 0.0ms)


Started GET "/" for ::1 at 2021-04-08 18:48:19 -0400
Processing by StaticPagesController#root as HTML
  Rendering static_pages/root.html.erb within layouts/application
  Rendered static_pages/root.html.erb within layouts/application (1.0ms)
Completed 200 OK in 88ms (Views: 83.5ms | ActiveRecord: 0.0ms)


Started GET "/" for ::1 at 2021-04-08 18:50:53 -0400
Processing by StaticPagesController#root as HTML
  Rendering static_pages/root.html.erb within layouts/application
  Rendered static_pages/root.html.erb within layouts/application (5.5ms)
Completed 200 OK in 81ms (Views: 68.1ms | ActiveRecord: 0.0ms)


Started GET "/" for ::1 at 2021-04-08 18:50:56 -0400
Processing by StaticPagesController#root as HTML
  Rendering static_pages/root.html.erb within layouts/application
  Rendered static_pages/root.html.erb within layouts/application (3.0ms)
Completed 200 OK in 89ms (Views: 86.0ms | ActiveRecord: 0.0ms)


Started GET "/" for ::1 at 2021-04-08 18:51:18 -0400
Processing by StaticPagesController#root as HTML
  Rendering static_pages/root.html.erb within layouts/application
  Rendered static_pages/root.html.erb within layouts/application (1.7ms)
Completed 200 OK in 204ms (Views: 201.0ms | ActiveRecord: 0.0ms)


Started GET "/" for ::1 at 2021-04-08 18:51:31 -0400
Processing by StaticPagesController#root as HTML
  Rendering static_pages/root.html.erb within layouts/application
  Rendered static_pages/root.html.erb within layouts/application (1.2ms)
Completed 200 OK in 90ms (Views: 84.1ms | ActiveRecord: 0.0ms)


Started GET "/" for ::1 at 2021-04-08 18:52:10 -0400
Processing by StaticPagesController#root as HTML
  Rendering static_pages/root.html.erb within layouts/application
  Rendered static_pages/root.html.erb within layouts/application (1.1ms)
Completed 200 OK in 896ms (Views: 883.7ms | ActiveRecord: 0.0ms)


Started GET "/" for ::1 at 2021-04-08 18:52:42 -0400
Processing by StaticPagesController#root as HTML
  Rendering static_pages/root.html.erb within layouts/application
  Rendered static_pages/root.html.erb within layouts/application (8.0ms)
Completed 200 OK in 944ms (Views: 941.0ms | ActiveRecord: 0.0ms)


Started GET "/" for ::1 at 2021-04-08 18:52:47 -0400
Processing by StaticPagesController#root as HTML
  Rendering static_pages/root.html.erb within layouts/application
  Rendered static_pages/root.html.erb within layouts/application (1.4ms)
Completed 200 OK in 105ms (Views: 101.6ms | ActiveRecord: 0.0ms)


Started GET "/" for ::1 at 2021-04-08 18:55:44 -0400
Processing by StaticPagesController#root as HTML
  Rendering static_pages/root.html.erb within layouts/application
  Rendered static_pages/root.html.erb within layouts/application (6.3ms)
Completed 200 OK in 722ms (Views: 715.4ms | ActiveRecord: 0.0ms)


Started GET "/" for ::1 at 2021-04-08 18:56:02 -0400
Processing by StaticPagesController#root as HTML
  Rendering static_pages/root.html.erb within layouts/application
  Rendered static_pages/root.html.erb within layouts/application (1.5ms)
Completed 200 OK in 99ms (Views: 93.6ms | ActiveRecord: 0.0ms)


Started GET "/" for ::1 at 2021-04-08 19:20:11 -0400
Processing by StaticPagesController#root as HTML
  Rendering static_pages/root.html.erb within layouts/application
  Rendered static_pages/root.html.erb within layouts/application (2.4ms)
Completed 200 OK in 80ms (Views: 73.6ms | ActiveRecord: 0.0ms)


Started GET "/" for ::1 at 2021-04-08 19:21:19 -0400
Processing by StaticPagesController#root as HTML
  Rendering static_pages/root.html.erb within layouts/application
  Rendered static_pages/root.html.erb within layouts/application (1.4ms)
Completed 200 OK in 712ms (Views: 709.2ms | ActiveRecord: 0.0ms)


Started GET "/" for ::1 at 2021-04-08 19:22:15 -0400
Processing by StaticPagesController#root as HTML
  Rendering static_pages/root.html.erb within layouts/application
  Rendered static_pages/root.html.erb within layouts/application (0.9ms)
Completed 200 OK in 1097ms (Views: 1093.6ms | ActiveRecord: 0.0ms)


Started GET "/" for ::1 at 2021-04-08 19:41:42 -0400
Started GET "/" for ::1 at 2021-04-08 19:41:42 -0400
  [1m[35m (7.3ms)[0m  [1m[34mSELECT "schema_migrations"."version" FROM "schema_migrations" ORDER BY "schema_migrations"."version" ASC[0m
  [1m[35m (7.2ms)[0m  [1m[34mSELECT "schema_migrations"."version" FROM "schema_migrations" ORDER BY "schema_migrations"."version" ASC[0m
  ↳ /home/anug/.rbenv/versions/2.5.1/lib/ruby/gems/2.5.0/gems/activerecord-5.2.5/lib/active_record/log_subscriber.rb:98
  ↳ /home/anug/.rbenv/versions/2.5.1/lib/ruby/gems/2.5.0/gems/activerecord-5.2.5/lib/active_record/log_subscriber.rb:98
Processing by StaticPagesController#root as HTML
Processing by StaticPagesController#root as HTML
  Rendering static_pages/root.html.erb within layouts/application
  Rendering static_pages/root.html.erb within layouts/application
  Rendered static_pages/root.html.erb within layouts/application (11.0ms)
  Rendered static_pages/root.html.erb within layouts/application (6.9ms)
Completed 200 OK in 5149ms (Views: 5133.8ms | ActiveRecord: 0.0ms)


Completed 200 OK in 5150ms (Views: 5144.3ms | ActiveRecord: 0.0ms)


Started POST "/api/user" for ::1 at 2021-04-08 19:42:00 -0400
Processing by Api::UsersController#create as JSON
  Parameters: {"user"=>{"email"=>"222", "password"=>"[FILTERED]", "bio"=>"222", "location"=>"22", "job_title"=>"222", "full_name"=>"222"}}
  [1m[36mUser Load (5.5ms)[0m  [1m[34mSELECT  "users".* FROM "users" WHERE "users"."session_token" = $1 LIMIT $2[0m  [["session_token", "f8YxsnfCIpx8-uEA7xgF5g"], ["LIMIT", 1]]
  ↳ app/models/user.rb:41
  [1m[35m (0.7ms)[0m  [1m[35mBEGIN[0m
  ↳ app/controllers/api/users_controller.rb:5
  [1m[36mUser Exists (0.6ms)[0m  [1m[34mSELECT  1 AS one FROM "users" WHERE "users"."email" = $1 LIMIT $2[0m  [["email", "222"], ["LIMIT", 1]]
  ↳ app/controllers/api/users_controller.rb:5
  [1m[35m (1.2ms)[0m  [1m[31mROLLBACK[0m
  ↳ app/controllers/api/users_controller.rb:5
Completed 422 Unprocessable Entity in 386ms (Views: 0.3ms | ActiveRecord: 25.5ms)


Started GET "/" for ::1 at 2021-04-08 19:43:24 -0400
Processing by StaticPagesController#root as HTML
  Rendering static_pages/root.html.erb within layouts/application
  Rendered static_pages/root.html.erb within layouts/application (1.2ms)
Completed 200 OK in 756ms (Views: 748.5ms | ActiveRecord: 0.0ms)


Started POST "/api/user" for ::1 at 2021-04-08 19:43:35 -0400
Processing by Api::UsersController#create as JSON
  Parameters: {"user"=>{"email"=>"aa", "password"=>"[FILTERED]", "bio"=>"aa", "location"=>"aa", "job_title"=>"aa", "full_name"=>"aa"}}
  [1m[36mUser Load (0.5ms)[0m  [1m[34mSELECT  "users".* FROM "users" WHERE "users"."session_token" = $1 LIMIT $2[0m  [["session_token", "fIFmWMQeu6hdJgiNzt9kSw"], ["LIMIT", 1]]
  ↳ app/models/user.rb:41
  [1m[35m (0.4ms)[0m  [1m[35mBEGIN[0m
  ↳ app/controllers/api/users_controller.rb:5
  [1m[36mUser Exists (0.7ms)[0m  [1m[34mSELECT  1 AS one FROM "users" WHERE "users"."email" = $1 LIMIT $2[0m  [["email", "aa"], ["LIMIT", 1]]
  ↳ app/controllers/api/users_controller.rb:5
  [1m[35m (0.5ms)[0m  [1m[31mROLLBACK[0m
  ↳ app/controllers/api/users_controller.rb:5
Completed 422 Unprocessable Entity in 291ms (Views: 0.2ms | ActiveRecord: 2.2ms)


