Started GET "/" for ::1 at 2021-04-05 17:41:41 -0400

ActiveRecord::NoDatabaseError - FATAL:  database "dappedup_development" does not exist:

Started POST "/__better_errors/f1fc39347534b856/variables" for ::1 at 2021-04-05 17:41:43 -0400
Started GET "/" for ::1 at 2021-04-05 17:42:52 -0400

ActiveRecord::NoDatabaseError - FATAL:  database "dappedup_development" does not exist:

Started POST "/__better_errors/8674c72662b8dffa/variables" for ::1 at 2021-04-05 17:42:53 -0400
  [1m[35m (3443.2ms)[0m  [1m[35mCREATE DATABASE "dappedup_development" ENCODING = 'unicode'[0m
  ↳ bin/rails:9
  [1m[35m (2743.7ms)[0m  [1m[35mCREATE DATABASE "dappedup_test" ENCODING = 'unicode'[0m
  ↳ bin/rails:9
Started GET "/" for ::1 at 2021-04-05 17:44:01 -0400

ActionController::RoutingError - uninitialized constant StaticPagesController:

Started POST "/__better_errors/2f650e16d1aceef1/variables" for ::1 at 2021-04-05 17:44:01 -0400
Started GET "/" for ::1 at 2021-04-05 17:48:22 -0400
Processing by StaticPagesController#root as HTML
  Rendering static_pages/root.html.erb within layouts/application
  Rendered static_pages/root.html.erb within layouts/application (6.8ms)
Completed 200 OK in 3485ms (Views: 3479.6ms | ActiveRecord: 0.0ms)


Started GET "/" for ::1 at 2021-04-05 19:38:51 -0400
Processing by StaticPagesController#root as HTML
  Rendering static_pages/root.html.erb within layouts/application
  Rendered static_pages/root.html.erb within layouts/application (8.4ms)
Started GET "/" for ::1 at 2021-04-05 19:38:56 -0400
Processing by StaticPagesController#root as HTML
  Rendering static_pages/root.html.erb within layouts/application
  Rendered static_pages/root.html.erb within layouts/application (0.9ms)
Completed 200 OK in 8273ms (Views: 8262.7ms | ActiveRecord: 0.0ms)


Completed 200 OK in 3530ms (Views: 3524.9ms | ActiveRecord: 0.0ms)


  [1m[35m (86.7ms)[0m  [1m[35mCREATE TABLE "schema_migrations" ("version" character varying NOT NULL PRIMARY KEY)[0m
  ↳ bin/rails:9
  [1m[35m (24.1ms)[0m  [1m[35mCREATE TABLE "ar_internal_metadata" ("key" character varying NOT NULL PRIMARY KEY, "value" character varying, "created_at" timestamp NOT NULL, "updated_at" timestamp NOT NULL)[0m
  ↳ bin/rails:9
  [1m[35m (2.0ms)[0m  [1m[34mSELECT pg_try_advisory_lock(6797995023754954320)[0m
  ↳ bin/rails:9
  [1m[35m (5.9ms)[0m  [1m[34mSELECT "schema_migrations"."version" FROM "schema_migrations" ORDER BY "schema_migrations"."version" ASC[0m
  ↳ bin/rails:9
Migrating to CreateUsers (20210406174723)
  [1m[35m (0.2ms)[0m  [1m[35mBEGIN[0m
  ↳ bin/rails:9
  [1m[35m (36.7ms)[0m  [1m[35mCREATE TABLE "users" ("id" bigserial primary key, "email" character varying NOT NULL, "password_digest" character varying NOT NULL, "session_token" character varying NOT NULL, "bio" text NOT NULL, "location" character varying NOT NULL, "job_title" character varying NOT NULL, "created_at" timestamp NOT NULL, "updated_at" timestamp NOT NULL)[0m
  ↳ db/migrate/20210406174723_create_users.rb:3
  [1m[35m (9.5ms)[0m  [1m[35mCREATE UNIQUE INDEX  "index_users_on_email" ON "users"  ("email")[0m
  ↳ db/migrate/20210406174723_create_users.rb:13
  [1m[35m (9.8ms)[0m  [1m[35mCREATE UNIQUE INDEX  "index_users_on_session_token" ON "users"  ("session_token")[0m
  ↳ db/migrate/20210406174723_create_users.rb:14
  [1m[36mActiveRecord::SchemaMigration Create (1.6ms)[0m  [1m[32mINSERT INTO "schema_migrations" ("version") VALUES ($1) RETURNING "version"[0m  [["version", "20210406174723"]]
  ↳ bin/rails:9
  [1m[35m (1.2ms)[0m  [1m[35mCOMMIT[0m
  ↳ bin/rails:9
  [1m[36mActiveRecord::InternalMetadata Load (4.1ms)[0m  [1m[34mSELECT  "ar_internal_metadata".* FROM "ar_internal_metadata" WHERE "ar_internal_metadata"."key" = $1 LIMIT $2[0m  [["key", "environment"], ["LIMIT", 1]]
  ↳ bin/rails:9
  [1m[35m (0.6ms)[0m  [1m[35mBEGIN[0m
  ↳ bin/rails:9
  [1m[36mActiveRecord::InternalMetadata Create (2.5ms)[0m  [1m[32mINSERT INTO "ar_internal_metadata" ("key", "value", "created_at", "updated_at") VALUES ($1, $2, $3, $4) RETURNING "key"[0m  [["key", "environment"], ["value", "development"], ["created_at", "2021-04-06 18:08:20.795178"], ["updated_at", "2021-04-06 18:08:20.795178"]]
  ↳ bin/rails:9
  [1m[35m (0.6ms)[0m  [1m[35mCOMMIT[0m
  ↳ bin/rails:9
  [1m[35m (0.5ms)[0m  [1m[34mSELECT pg_advisory_unlock(6797995023754954320)[0m
  ↳ bin/rails:9
  [1m[35m (0.8ms)[0m  [1m[34mSELECT "schema_migrations"."version" FROM "schema_migrations" ORDER BY "schema_migrations"."version" ASC[0m
  ↳ bin/rails:9
Started GET "/" for ::1 at 2021-04-06 14:31:26 -0400
  [1m[35m (2.6ms)[0m  [1m[34mSELECT "schema_migrations"."version" FROM "schema_migrations" ORDER BY "schema_migrations"."version" ASC[0m
  ↳ /home/anug/.rbenv/versions/2.5.1/lib/ruby/gems/2.5.0/gems/activerecord-5.2.5/lib/active_record/log_subscriber.rb:98
Processing by StaticPagesController#root as HTML
  Rendering static_pages/root.html.erb within layouts/application
  Rendered static_pages/root.html.erb within layouts/application (9.2ms)
Started GET "/" for ::1 at 2021-04-06 14:31:30 -0400
Processing by StaticPagesController#root as HTML
  Rendering static_pages/root.html.erb within layouts/application
  Rendered static_pages/root.html.erb within layouts/application (1.0ms)
Completed 200 OK in 5995ms (Views: 5992.3ms | ActiveRecord: 0.0ms)


Completed 200 OK in 2012ms (Views: 2007.9ms | ActiveRecord: 0.0ms)


Started GET "/" for ::1 at 2021-04-06 14:37:12 -0400
Processing by StaticPagesController#root as HTML
  Rendering static_pages/root.html.erb within layouts/application
  Rendered static_pages/root.html.erb within layouts/application (1.6ms)
Completed 200 OK in 72ms (Views: 68.0ms | ActiveRecord: 0.0ms)


Started GET "/" for ::1 at 2021-04-06 14:43:31 -0400
Processing by StaticPagesController#root as HTML
  Rendering static_pages/root.html.erb within layouts/application
  Rendered static_pages/root.html.erb within layouts/application (6.2ms)
Completed 200 OK in 724ms (Views: 719.8ms | ActiveRecord: 0.0ms)


Started GET "/" for ::1 at 2021-04-06 14:49:29 -0400
Processing by StaticPagesController#root as HTML
  Rendering static_pages/root.html.erb within layouts/application
  Rendered static_pages/root.html.erb within layouts/application (1.2ms)
Completed 200 OK in 580ms (Views: 577.3ms | ActiveRecord: 0.0ms)


Started POST "/api/user" for ::1 at 2021-04-06 14:50:41 -0400
Processing by Api::UsersController#create as JSON
  Parameters: {"user"=>{"username"=>"", "password"=>"[FILTERED]", "email"=>"anug@anug.com"}}
Completed 500 Internal Server Error in 7ms (ActiveRecord: 0.0ms)



SyntaxError - syntax error, unexpected ':', expecting keyword_end
... validates :email, :uniqueness:true
...                              ^:
  app/models/user.rb:3:in `'
  app/controllers/api/users_controller.rb:3:in `create'

Started POST "/api/user" for ::1 at 2021-04-06 14:51:40 -0400
Processing by Api::UsersController#create as JSON
  Parameters: {"user"=>{"username"=>"", "password"=>"[FILTERED]", "email"=>"anug@anug.com"}}
Completed 500 Internal Server Error in 19ms (ActiveRecord: 0.0ms)



SyntaxError - syntax error, unexpected ':', expecting keyword_end
... validates :email, :uniqueness:true
...                              ^:
  app/models/user.rb:3:in `'
  app/controllers/api/users_controller.rb:3:in `create'

Started GET "/" for ::1 at 2021-04-06 14:53:50 -0400
Processing by StaticPagesController#root as HTML
  Rendering static_pages/root.html.erb within layouts/application
  Rendered static_pages/root.html.erb within layouts/application (1.0ms)
Completed 200 OK in 660ms (Views: 656.0ms | ActiveRecord: 0.0ms)


Started POST "/api/user" for ::1 at 2021-04-06 14:59:31 -0400
Processing by Api::UsersController#create as JSON
  Parameters: {"user"=>{"username"=>"", "password"=>"[FILTERED]", "email"=>"roger@roger.com"}}
Completed 500 Internal Server Error in 14ms (ActiveRecord: 0.0ms)



SyntaxError - syntax error, unexpected ':', expecting keyword_end
... validates :email, :uniqueness:true
...                              ^:
  app/models/user.rb:3:in `'
  app/controllers/api/users_controller.rb:3:in `create'

Started GET "/" for ::1 at 2021-04-06 15:05:35 -0400
Processing by StaticPagesController#root as HTML
  Rendering static_pages/root.html.erb within layouts/application
  Rendered static_pages/root.html.erb within layouts/application (1.3ms)
Completed 200 OK in 177ms (Views: 174.7ms | ActiveRecord: 0.0ms)


Started POST "/api/user" for ::1 at 2021-04-06 15:06:03 -0400
Processing by Api::UsersController#create as JSON
  Parameters: {"user"=>{"username"=>"", "password"=>"[FILTERED]", "email"=>"g@g.com"}}
Unpermitted parameter: :username
  [1m[36mUser Load (10.4ms)[0m  [1m[34mSELECT  "users".* FROM "users" WHERE "users"."session_token" = $1 LIMIT $2[0m  [["session_token", "PVz-OVu0P5tPqI0rkQ7exw"], ["LIMIT", 1]]
  ↳ app/models/user.rb:37
  [1m[35m (0.7ms)[0m  [1m[35mBEGIN[0m
  ↳ app/controllers/api/users_controller.rb:5
  [1m[36mUser Exists (1.2ms)[0m  [1m[34mSELECT  1 AS one FROM "users" WHERE "users"."email" = $1 LIMIT $2[0m  [["email", "g@g.com"], ["LIMIT", 1]]
  ↳ app/controllers/api/users_controller.rb:5
  [1m[36mUser Create (12.8ms)[0m  [1m[32mINSERT INTO "users" ("email", "password_digest", "session_token", "created_at", "updated_at") VALUES ($1, $2, $3, $4, $5) RETURNING "id"[0m  [["email", "g@g.com"], ["password_digest", "$2a$12$.8t1b4WRUmvcG8Si/BJ1j.Je2CBzvbPPjWtFj/srcOiHtbRytpTLi"], ["session_token", "PVz-OVu0P5tPqI0rkQ7exw"], ["created_at", "2021-04-06 19:06:04.141246"], ["updated_at", "2021-04-06 19:06:04.141246"]]
  ↳ app/controllers/api/users_controller.rb:5
  [1m[35m (0.3ms)[0m  [1m[31mROLLBACK[0m
  ↳ app/controllers/api/users_controller.rb:5
Completed 500 Internal Server Error in 389ms (ActiveRecord: 58.9ms)



ActiveRecord::NotNullViolation - PG::NotNullViolation: ERROR:  null value in column "bio" violates not-null constraint
DETAIL:  Failing row contains (1, g@g.com, $2a$12$.8t1b4WRUmvcG8Si/BJ1j.Je2CBzvbPPjWtFj/srcOiHtbRytpTLi, PVz-OVu0P5tPqI0rkQ7exw, null, null, null, 2021-04-06 19:06:04.141246, 2021-04-06 19:06:04.141246).
: INSERT INTO "users" ("email", "password_digest", "session_token", "created_at", "updated_at") VALUES ($1, $2, $3, $4, $5) RETURNING "id":
  app/controllers/api/users_controller.rb:5:in `create'

Started POST "/api/user" for ::1 at 2021-04-06 15:14:54 -0400
Processing by Api::UsersController#create as JSON
  Parameters: {"user"=>{"username"=>"", "password"=>"[FILTERED]", "email"=>"g@g.com"}}
Unpermitted parameter: :username
  [1m[36mUser Load (2.8ms)[0m  [1m[34mSELECT  "users".* FROM "users" WHERE "users"."session_token" = $1 LIMIT $2[0m  [["session_token", "iAVKnWQv0fX17L_mESbs1g"], ["LIMIT", 1]]
  ↳ app/models/user.rb:37
  [1m[35m (0.3ms)[0m  [1m[35mBEGIN[0m
  ↳ app/controllers/api/users_controller.rb:5
  [1m[36mUser Exists (0.6ms)[0m  [1m[34mSELECT  1 AS one FROM "users" WHERE "users"."email" = $1 LIMIT $2[0m  [["email", "g@g.com"], ["LIMIT", 1]]
  ↳ app/controllers/api/users_controller.rb:5
  [1m[36mUser Create (2.2ms)[0m  [1m[32mINSERT INTO "users" ("email", "password_digest", "session_token", "created_at", "updated_at") VALUES ($1, $2, $3, $4, $5) RETURNING "id"[0m  [["email", "g@g.com"], ["password_digest", "$2a$12$FV6eQ.fv.Dj5b2VSo8B7d.UDtsp4noeLN6TG6bxPue1k8W/9U8U0a"], ["session_token", "iAVKnWQv0fX17L_mESbs1g"], ["created_at", "2021-04-06 19:14:55.171163"], ["updated_at", "2021-04-06 19:14:55.171163"]]
  ↳ app/controllers/api/users_controller.rb:5
  [1m[35m (0.3ms)[0m  [1m[31mROLLBACK[0m
  ↳ app/controllers/api/users_controller.rb:5
Completed 500 Internal Server Error in 293ms (ActiveRecord: 6.5ms)



ActiveRecord::NotNullViolation - PG::NotNullViolation: ERROR:  null value in column "bio" violates not-null constraint
DETAIL:  Failing row contains (2, g@g.com, $2a$12$FV6eQ.fv.Dj5b2VSo8B7d.UDtsp4noeLN6TG6bxPue1k8W/9U8U0a, iAVKnWQv0fX17L_mESbs1g, null, null, null, 2021-04-06 19:14:55.171163, 2021-04-06 19:14:55.171163).
: INSERT INTO "users" ("email", "password_digest", "session_token", "created_at", "updated_at") VALUES ($1, $2, $3, $4, $5) RETURNING "id":
  app/controllers/api/users_controller.rb:5:in `create'

